<?xml version="1.0" encoding="UTF-8"?>
<coverage generated="1773012551212" clover="3.2.0">
  <project timestamp="1773012551213" name="All files">
    <metrics statements="2" coveredstatements="2" conditionals="0" coveredconditionals="0" methods="2" coveredmethods="2" elements="4" coveredelements="4" complexity="0" loc="2" ncloc="2" packages="1" files="2" classes="2"/>
    <file name="define-plugin.ts" path="C:\Users\polar\Documents\Projects\github.com\monokrome\mediafuse-sdk\src\define-plugin.ts">
      <metrics statements="2" coveredstatements="2" conditionals="0" coveredconditionals="0" methods="2" coveredmethods="2"/>
      <line num="12" count="8" type="stmt"/>
      <line num="13" count="8" type="stmt"/>
    </file>
    <file name="index.ts" path="C:\Users\polar\Documents\Projects\github.com\monokrome\mediafuse-sdk\src\index.ts">
      <metrics statements="0" coveredstatements="0" conditionals="0" coveredconditionals="0" methods="0" coveredmethods="0"/>
    </file>
  </project>
</coverage>
