{"C:\\Users\\polar\\Documents\\Projects\\github.com\\monokrome\\mediafuse-sdk\\src\\define-plugin.ts": {"path":"C:\\Users\\polar\\Documents\\Projects\\github.com\\monokrome\\mediafuse-sdk\\src\\define-plugin.ts","statementMap":{"0":{"start":{"line":12,"column":2},"end":{"line":14,"column":null}},"1":{"start":{"line":13,"column":4},"end":{"line":13,"column":null}}},"fnMap":{"0":{"name":"definePlugin","decl":{"start":{"line":8,"column":16},"end":{"line":8,"column":null}},"loc":{"start":{"line":11,"column":32},"end":{"line":15,"column":null}},"line":11},"1":{"name":"(anonymous_1)","decl":{"start":{"line":12,"column":9},"end":{"line":12,"column":10}},"loc":{"start":{"line":12,"column":18},"end":{"line":14,"column":null}},"line":12}},"branchMap":{},"s":{"0":8,"1":8},"f":{"0":8,"1":8},"b":{},"meta":{"lastBranch":0,"lastFunction":2,"lastStatement":2,"seen":{"f:8:16:8:Infinity":0,"s:12:2:14:Infinity":0,"f:12:9:12:10":1,"s:13:4:13:Infinity":1}}}
,"C:\\Users\\polar\\Documents\\Projects\\github.com\\monokrome\\mediafuse-sdk\\src\\index.ts": {"path":"C:\\Users\\polar\\Documents\\Projects\\github.com\\monokrome\\mediafuse-sdk\\src\\index.ts","statementMap":{},"fnMap":{},"branchMap":{},"s":{},"f":{},"b":{},"meta":{"lastBranch":0,"lastFunction":0,"lastStatement":0,"seen":{}}}
}
